[2025-11-16T18:56:20.104Z] ::1 POST /api/pilot/init
[2025-11-16T18:57:20.461Z] ::1 POST /api/pilot/init
[2025-11-16T18:57:28.413Z] ::1 GET /api/dataset
[2025-11-16T18:57:37.395Z] ::1 GET /
[2025-11-16T18:57:38.390Z] ::1 GET /zah_logo.PNG
[2025-11-16T18:57:38.871Z] ::1 GET /@vite/client
[2025-11-16T19:01:24.066Z] ::1 HEAD /logo.png
[2025-11-16T19:01:56.453Z] ::1 GET /logo.png
[2025-11-16T19:02:04.967Z] ::1 GET /
[2025-11-16T19:02:04.986Z] ::1 GET /images/zah_logo.PNG
[2025-11-16T19:02:05.502Z] ::1 GET /@vite/client
[2025-11-16T19:03:40.351Z] ::1 GET /
[2025-11-16T19:03:40.368Z] ::1 GET /images/zah_logo.PNG
[2025-11-16T19:03:40.626Z] ::1 GET /@vite/client
[2025-11-16T20:00:10.558Z] ::1 GET /
[2025-11-16T20:00:10.615Z] ::1 GET /images/zah_logo.PNG
[2025-11-16T20:00:10.906Z] ::1 GET /@vite/client
[2025-11-16T20:00:24.436Z] ::1 GET /
[2025-11-16T20:00:24.468Z] ::1 GET /images/zah_logo.PNG
[2025-11-16T20:00:24.860Z] ::1 GET /favicon.ico
[2025-11-16T20:01:01.689Z] ::1 GET /
[2025-11-16T20:01:01.834Z] ::1 GET /images/zah_logo.PNG
[2025-11-16T20:04:04.892Z] ::1 GET /
[2025-11-16T20:04:05.330Z] ::1 GET /images/zah_logo.PNG
[2025-11-16T20:04:05.699Z] ::1 GET /@vite/client
[2025-11-16T20:04:37.165Z] ::1 GET /
[2025-11-16T20:04:37.268Z] ::1 GET /images/zah_logo.PNG
[2025-11-16T20:07:50.789Z] ::1 GET /
[2025-11-16T20:07:50.811Z] ::1 GET /images/zah_logo.PNG
[2025-11-16T20:07:50.950Z] ::1 GET /@vite/client
[2025-11-16T20:13:51.604Z] ::1 GET /
[2025-11-16T20:13:51.711Z] ::1 GET /images/zah_logo.PNG
[2025-11-16T20:15:34.101Z] ::1 GET /
[2025-11-16T20:15:34.227Z] ::1 GET /images/zah_logo.PNG
[2025-11-16T20:18:17.247Z] ::1 GET /
[2025-11-16T20:18:17.391Z] ::1 GET /images/zah_logo.PNG
[2025-11-16T20:22:06.460Z] ::1 GET /
[2025-11-16T20:22:06.594Z] ::1 GET /images/zah_logo.PNG
[2025-11-16T20:23:18.767Z] ::1 GET /
[2025-11-16T20:23:18.881Z] ::1 GET /images/zah_logo.PNG
[2025-11-16T20:23:24.353Z] ::1 GET /
[2025-11-16T20:23:24.437Z] ::1 GET /images/zah_logo.PNG
