[2025-11-16T12:19:22.369Z] ::1 POST /api/auth/login
[2025-11-16T12:19:22.631Z] ::1 POST /api/procedures/profiles
[2025-11-16T12:19:22.767Z] ::1 GET /api/procedures/profiles
[2025-11-16T12:19:22.895Z] ::1 POST /api/procedures/calc
[2025-11-16T12:36:59.055Z] ::1 GET /
[2025-11-16T12:36:59.103Z] ::1 GET /ui
[2025-11-16T12:36:59.123Z] ::1 GET /images/zaplogo.png
[2025-11-16T12:36:59.474Z] ::1 GET /@vite/client
[2025-11-16T12:52:04.499Z] ::1 GET /api/pandemic/config
[2025-11-16T12:52:27.903Z] ::1 GET /api/insurance/config
[2025-11-16T12:52:45.074Z] ::1 GET /api/pandemic/config
[2025-11-16T12:52:55.693Z] ::1 GET /api/waste/baselines
[2025-11-16T12:53:07.618Z] ::1 POST /api/pandemic/simulate
[2025-11-16T12:55:54.547Z] ::1 GET /api/twin/config
[2025-11-16T12:58:26.757Z] ::1 GET /api/campus/defs
[2025-11-16T12:58:36.195Z] ::1 POST /api/campus/defs
[2025-11-16T13:19:34.662Z] ::1 GET /api/health
[2025-11-16T13:20:05.378Z] ::1 GET /api/health
[2025-11-16T16:35:50.858Z] ::1 GET /ui
[2025-11-16T16:35:50.891Z] ::1 GET /logo.png
[2025-11-16T16:35:51.228Z] ::1 GET /@vite/client
[2025-11-16T16:36:32.841Z] ::1 GET /ui
[2025-11-16T16:36:33.336Z] ::1 GET /logo.png
[2025-11-16T16:36:41.437Z] ::1 GET /ui
[2025-11-16T16:36:41.459Z] ::1 GET /logo.png
[2025-11-16T16:36:41.631Z] ::1 GET /@vite/client
[2025-11-16T16:37:24.978Z] ::1 GET /ui
[2025-11-16T16:37:24.998Z] ::1 GET /logo.png
[2025-11-16T16:37:25.130Z] ::1 GET /@vite/client
[2025-11-16T16:44:55.399Z] ::1 GET /ui
[2025-11-16T16:44:55.422Z] ::1 GET /logo.png
[2025-11-16T16:44:55.572Z] ::1 GET /@vite/client
[2025-11-16T16:45:43.290Z] ::1 GET /ui
[2025-11-16T16:45:43.476Z] ::1 GET /logo.png
[2025-11-16T16:47:44.853Z] ::1 GET /ui
[2025-11-16T16:47:44.872Z] ::1 GET /logo.png
[2025-11-16T16:47:45.026Z] ::1 GET /@vite/client
[2025-11-16T16:52:51.625Z] ::ffff:192.168.68.108 GET /ui
[2025-11-16T16:52:51.650Z] ::ffff:192.168.68.108 GET /logo.png
[2025-11-16T16:52:53.566Z] ::ffff:192.168.68.108 GET /logo.png
[2025-11-16T16:52:53.599Z] ::ffff:192.168.68.108 GET /favicon.ico
[2025-11-16T16:56:40.931Z] ::ffff:192.168.68.108 GET /ui
[2025-11-16T16:56:41.014Z] ::ffff:192.168.68.108 GET /logo.png
[2025-11-16T17:00:39.067Z] ::1 GET /ui
[2025-11-16T17:00:39.087Z] ::1 GET /logo.png
[2025-11-16T17:00:39.244Z] ::1 GET /@vite/client
[2025-11-16T17:00:54.671Z] ::1 GET /ui
[2025-11-16T17:00:54.878Z] ::1 GET /logo.png
[2025-11-16T17:02:13.945Z] ::1 GET /
[2025-11-16T17:02:14.076Z] ::1 GET /ui
[2025-11-16T17:02:14.236Z] ::1 GET /logo.png
[2025-11-16T17:02:17.482Z] ::1 GET /ui
[2025-11-16T17:02:17.589Z] ::1 GET /logo.png
[2025-11-16T17:02:18.727Z] ::1 GET /ui
[2025-11-16T17:02:18.811Z] ::1 GET /logo.png
[2025-11-16T17:02:29.887Z] ::1 GET /ui
[2025-11-16T17:02:29.998Z] ::1 GET /logo.png
[2025-11-16T17:22:52.715Z] ::ffff:192.168.68.108 GET /ui
[2025-11-16T17:22:52.804Z] ::ffff:192.168.68.108 GET /zah_logo.PNG
